10:04:43.955 INFO: JdwpDebugServer: handling req: VirtualMachine(1).IDSizes(7)
10:04:43.991 INFO: JdwpDebugServer: handling req: EventRequest(15).Set(1)
10:04:43.991 INFO: JdwpEventCenterDelegate: jdwpSetEventRequest: JdwpEventRequest{requestId=100, eventKind=CLASS_PREPARE, suspendPolicy=NONE, predicates=[]}
10:04:43.992 INFO: JdwpDebugServer: handling req: EventRequest(15).Set(1)
10:04:43.992 INFO: JdwpEventCenterDelegate: jdwpSetEventRequest: JdwpEventRequest{requestId=101, eventKind=CLASS_UNLOAD, suspendPolicy=NONE, predicates=[]}
10:04:45.933 INFO: JdwpDebugServer: handling req: VirtualMachine(1).Version(1)
10:04:46.108 INFO: JdwpDebugServer: handling req: VirtualMachine(1).capabilitiesNew(17)
10:04:46.109 INFO: JdwpDebugServer: handling req: VirtualMachine(1).capabilities(12)
10:04:46.120 INFO: JdwpDebugServer: handling req: VirtualMachine(1).AllClassesWithGeneric(20)
10:04:46.376 INFO: JdwpDebugServer: handling req: VirtualMachine(1).TopLevelThreadGroups(5)
10:04:46.389 INFO: JdwpDebugServer: handling req: EventRequest(15).Set(1)
10:04:46.389 INFO: JdwpEventCenterDelegate: jdwpSetEventRequest: JdwpEventRequest{requestId=102, eventKind=THREAD_START, suspendPolicy=NONE, predicates=[]}
10:04:46.391 INFO: JdwpDebugServer: handling req: EventRequest(15).Set(1)
10:04:46.391 INFO: JdwpEventCenterDelegate: jdwpSetEventRequest: JdwpEventRequest{requestId=103, eventKind=THREAD_DEATH, suspendPolicy=NONE, predicates=[]}
10:04:49.058 INFO: JdwpDebugServer: handling req: EventRequest(15).Set(1)
10:04:49.059 INFO: JdwpEventCenterDelegate: jdwpSetEventRequest: JdwpEventRequest{requestId=104, eventKind=CLASS_PREPARE, suspendPolicy=EVENT_THREAD, predicates=[className=sun.instrument.InstrumentationImpl]}
10:04:49.062 INFO: JdwpDebugServer: handling req: EventRequest(15).Set(1)
10:04:49.062 INFO: JdwpEventCenterDelegate: jdwpSetEventRequest: JdwpEventRequest{requestId=105, eventKind=CLASS_PREPARE, suspendPolicy=EVENT_THREAD, predicates=[className=sun.instrument.InstrumentationImpl]}
10:05:32.008 INFO: JdwpDebugServer: handling req: VirtualMachine(1).Resume(9)
10:05:32.316 INFO: JdwpEventCenterDelegate: THREAD_STARTED: thread (33, main, main)
10:05:32.924 INFO: JdwpEventCenterDelegate: THREAD_STARTED: thread (48, ReferenceQueueDaemon, main)
10:05:32.926 INFO: JdwpEventCenterDelegate: THREAD_STARTED: thread (63, FinalizerDaemon, main)
10:05:32.928 INFO: JdwpEventCenterDelegate: THREAD_STARTED: thread (78, FinalizerWatchdogDaemon, main)
10:05:33.062 INFO: JdwpEventCenterDelegate: THREAD_RESUMED: thread (33, main, main)
10:05:33.062 INFO: JdwpEventCenterDelegate: THREAD_RESUMED: thread (33, main, main)
10:05:33.095 INFO: JdwpEventCenterDelegate: THREAD_RESUMED: thread (33, main, main)
10:05:33.095 INFO: JdwpEventCenterDelegate: THREAD_RESUMED: thread (33, main, main)
10:05:33.096 INFO: JdwpEventCenterDelegate: THREAD_RESUMED: thread (33, main, main)
10:05:33.097 INFO: JdwpEventCenterDelegate: THREAD_RESUMED: thread (33, main, main)
10:05:33.098 INFO: JdwpEventCenterDelegate: THREAD_RESUMED: thread (33, main, main)
10:05:33.100 INFO: JdwpEventCenterDelegate: THREAD_RESUMED: thread (33, main, main)
10:05:33.100 INFO: JdwpEventCenterDelegate: THREAD_RESUMED: thread (33, main, main)
10:05:33.110 INFO: JdwpEventCenterDelegate: THREAD_RESUMED: thread (33, main, main)
10:05:33.111 INFO: JdwpEventCenterDelegate: THREAD_RESUMED: thread (33, main, main)
10:05:33.141 INFO: JdwpEventCenterDelegate: THREAD_RESUMED: thread (33, main, main)
10:05:33.142 INFO: JdwpEventCenterDelegate: THREAD_RESUMED: thread (33, main, main)
10:05:33.142 INFO: JdwpEventCenterDelegate: THREAD_RESUMED: thread (33, main, main)
10:05:33.455 INFO: JdwpEventCenterDelegate: THREAD_RESUMED: thread (33, main, main)
10:05:33.456 INFO: JdwpEventCenterDelegate: THREAD_RESUMED: thread (33, main, main)
10:05:33.479 INFO: JdwpEventCenterDelegate: THREAD_RESUMED: thread (33, main, main)
10:05:33.503 INFO: JdwpEventCenterDelegate: THREAD_RESUMED: thread (33, main, main)
10:05:33.504 INFO: JdwpEventCenterDelegate: THREAD_RESUMED: thread (33, main, main)
10:05:33.505 INFO: JdwpEventCenterDelegate: THREAD_RESUMED: thread (33, main, main)
10:05:34.228 INFO: JdwpEventCenterDelegate: THREAD_RESUMED: thread (33, main, main)
10:05:34.229 INFO: JdwpEventCenterDelegate: THREAD_RESUMED: thread (33, main, main)
10:05:34.244 INFO: JdwpEventCenterDelegate: THREAD_RESUMED: thread (33, main, main)
10:05:34.282 INFO: JdwpEventCenterDelegate: THREAD_RESUMED: thread (33, main, main)
10:05:34.283 INFO: JdwpEventCenterDelegate: THREAD_RESUMED: thread (33, main, main)
10:05:34.284 INFO: JdwpEventCenterDelegate: THREAD_RESUMED: thread (33, main, main)
10:05:34.497 INFO: JdwpEventCenterDelegate: THREAD_RESUMED: thread (33, main, main)
10:05:34.498 INFO: JdwpEventCenterDelegate: THREAD_RESUMED: thread (33, main, main)
10:05:34.499 INFO: JdwpEventCenterDelegate: THREAD_RESUMED: thread (33, main, main)
10:05:34.500 INFO: JdwpEventCenterDelegate: THREAD_RESUMED: thread (33, main, main)
10:05:34.552 INFO: JdwpEventCenterDelegate: THREAD_RESUMED: thread (33, main, main)
10:05:34.552 INFO: JdwpEventCenterDelegate: THREAD_RESUMED: thread (33, main, main)
10:05:37.011 INFO: JdwpEventCenterDelegate: THREAD_RESUMED: thread (33, main, main)
10:05:37.086 INFO: JdwpEventCenterDelegate: THREAD_RESUMED: thread (33, main, main)
10:05:37.093 INFO: JdwpEventCenterDelegate: THREAD_RESUMED: thread (33, main, main)
10:05:37.101 INFO: JdwpEventCenterDelegate: THREAD_RESUMED: thread (33, main, main)
10:05:37.102 INFO: JdwpEventCenterDelegate: THREAD_RESUMED: thread (33, main, main)
10:05:37.102 INFO: JdwpEventCenterDelegate: THREAD_RESUMED: thread (33, main, main)
10:05:37.103 INFO: JdwpEventCenterDelegate: THREAD_RESUMED: thread (33, main, main)
10:05:37.103 INFO: JdwpEventCenterDelegate: THREAD_DETTACHED: thread (33, main, main)
10:05:37.112 SEVERE: Debugger: Thread HooksChannel socket thread crashed
org.robovm.debugger.DebuggerException: java.nio.BufferOverflowException
	at org.robovm.debugger.hooks.HooksChannel.doSocketWork(HooksChannel.java:152)
	at org.robovm.debugger.hooks.HooksChannel.lambda$new$0(HooksChannel.java:65)
	at java.lang.Thread.run(Thread.java:748)
	at org.robovm.debugger.utils.DebuggerThread.run(DebuggerThread.java:42)
Caused by: java.nio.BufferOverflowException
	at org.robovm.debugger.utils.bytebuffer.ByteBufferPacket.fillFromInputStream(ByteBufferPacket.java:187)
	at org.robovm.debugger.hooks.HooksChannel.doSocketWork(HooksChannel.java:120)
	... 3 more
10:05:37.426 INFO: JdwpDebugServer: handling req: VirtualMachine(1).Exit(10)
10:05:37.426 SEVERE: Debugger: Thread JDWP server socket thread crashed
org.robovm.debugger.DebuggerException: Terminating due exit command
	at org.robovm.debugger.jdwp.JdwpDebugServer.doSocketWork(JdwpDebugServer.java:207)
	at org.robovm.debugger.jdwp.JdwpDebugServer.lambda$new$0(JdwpDebugServer.java:129)
	at java.lang.Thread.run(Thread.java:748)
	at org.robovm.debugger.utils.DebuggerThread.run(DebuggerThread.java:42)
